2014/08/22 18:02:47 [error] [system.db.CDbCommand] CDbCommand::execute() failed: SQLSTATE[23000]: Integrity constraint violation: 1452 Cannot add or update a child row: a foreign key constraint fails (`tienda`.`cliente`, CONSTRAINT `id_tipocliente` FOREIGN KEY (`id_tipocliente`) REFERENCES `tipo_cliente` (`id_tipocliente`) ON DELETE NO ACTION ON UPDATE NO ACTION). The SQL statement executed was: INSERT INTO `cliente` (`nombre_cliente`, `direccion_cliente`, `telefono_cliente`, `id_tipocliente`) VALUES (:yp0, :yp1, :yp2, :yp3).
in C:\xampp\htdocs\tienda\protected\controllers\ClienteController.php (73)
in C:\xampp\htdocs\tienda\index.php (13)
2014/08/22 18:02:47 [error] [exception.CDbException] exception 'CDbException' with message 'CDbCommand failed to execute the SQL statement: SQLSTATE[23000]: Integrity constraint violation: 1452 Cannot add or update a child row: a foreign key constraint fails (`tienda`.`cliente`, CONSTRAINT `id_tipocliente` FOREIGN KEY (`id_tipocliente`) REFERENCES `tipo_cliente` (`id_tipocliente`) ON DELETE NO ACTION ON UPDATE NO ACTION). The SQL statement executed was: INSERT INTO `cliente` (`nombre_cliente`, `direccion_cliente`, `telefono_cliente`, `id_tipocliente`) VALUES (:yp0, :yp1, :yp2, :yp3)' in C:\xampp\yii\framework\db\CDbCommand.php:358
Stack trace:
#0 C:\xampp\yii\framework\db\ar\CActiveRecord.php(1077): CDbCommand->execute()
#1 C:\xampp\yii\framework\db\ar\CActiveRecord.php(806): CActiveRecord->insert(NULL)
#2 C:\xampp\htdocs\tienda\protected\controllers\ClienteController.php(73): CActiveRecord->save()
#3 C:\xampp\yii\framework\web\actions\CInlineAction.php(49): ClienteController->actionCreate()
#4 C:\xampp\yii\framework\web\CController.php(308): CInlineAction->runWithParams(Array)
#5 C:\xampp\yii\framework\web\filters\CFilterChain.php(133): CController->runAction(Object(CInlineAction))
#6 C:\xampp\yii\framework\web\filters\CFilter.php(40): CFilterChain->run()
#7 C:\xampp\yii\framework\web\CController.php(1145): CFilter->filter(Object(CFilterChain))
#8 C:\xampp\yii\framework\web\filters\CInlineFilter.php(58): CController->filterAccessControl(Object(CFilterChain))
#9 C:\xampp\yii\framework\web\filters\CFilterChain.php(130): CInlineFilter->filter(Object(CFilterChain))
#10 C:\xampp\yii\framework\web\CController.php(291): CFilterChain->run()
#11 C:\xampp\yii\framework\web\CController.php(265): CController->runActionWithFilters(Object(CInlineAction), Array)
#12 C:\xampp\yii\framework\web\CWebApplication.php(282): CController->run('create')
#13 C:\xampp\yii\framework\web\CWebApplication.php(141): CWebApplication->runController('cliente/create')
#14 C:\xampp\yii\framework\base\CApplication.php(180): CWebApplication->processRequest()
#15 C:\xampp\htdocs\tienda\index.php(13): CApplication->run()
#16 {main}
REQUEST_URI=/tienda/index.php?r=cliente/create
HTTP_REFERER=http://localhost/tienda/index.php?r=cliente/create
---
2014/08/22 22:29:25 [error] [exception.CException] exception 'CException' with message 'La propiedad "CWebUser"."bootstrap" no se encuentra definida.' in C:\xampp\yii\framework\base\CComponent.php:173
Stack trace:
#0 C:\xampp\yii\framework\web\auth\CWebUser.php(160): CComponent->__set('bootstrap', Array)
#1 C:\xampp\yii\framework\YiiBase.php(220): CWebUser->__set('bootstrap', Array)
#2 C:\xampp\yii\framework\base\CModule.php(386): YiiBase::createComponent(Array)
#3 C:\xampp\yii\framework\base\CModule.php(103): CModule->getComponent('user')
#4 C:\xampp\htdocs\tienda\protected\views\layouts\main.php(35): CModule->__get('user')
#5 C:\xampp\yii\framework\web\CBaseController.php(126): require('C:\xampp\htdocs...')
#6 C:\xampp\yii\framework\web\CBaseController.php(95): CBaseController->renderInternal('C:\xampp\htdocs...', Array, true)
#7 C:\xampp\yii\framework\web\widgets\CContentDecorator.php(76): CBaseController->renderFile('C:\xampp\htdocs...', Array, true)
#8 C:\xampp\yii\framework\web\widgets\CContentDecorator.php(54): CContentDecorator->decorate('<div id="conten...')
#9 C:\xampp\yii\framework\web\widgets\COutputProcessor.php(44): CContentDecorator->processOutput('<div id="conten...')
#10 C:\xampp\yii\framework\web\CBaseController.php(206): COutputProcessor->run()
#11 C:\xampp\yii\framework\web\CBaseController.php(300): CBaseController->endWidget('CContentDecorat...')
#12 C:\xampp\htdocs\tienda\protected\views\layouts\column1.php(6): CBaseController->endContent()
#13 C:\xampp\yii\framework\web\CBaseController.php(126): require('C:\xampp\htdocs...')
#14 C:\xampp\yii\framework\web\CBaseController.php(95): CBaseController->renderInternal('C:\xampp\htdocs...', Array, true)
#15 C:\xampp\yii\framework\web\CController.php(784): CBaseController->renderFile('C:\xampp\htdocs...', Array, true)
#16 C:\xampp\htdocs\tienda\protected\controllers\SiteController.php(98): CController->render('login', Array)
#17 C:\xampp\yii\framework\web\actions\CInlineAction.php(49): SiteController->actionLogin()
#18 C:\xampp\yii\framework\web\CController.php(308): CInlineAction->runWithParams(Array)
#19 C:\xampp\yii\framework\web\CController.php(286): CController->runAction(Object(CInlineAction))
#20 C:\xampp\yii\framework\web\CController.php(265): CController->runActionWithFilters(Object(CInlineAction), Array)
#21 C:\xampp\yii\framework\web\CWebApplication.php(282): CController->run('login')
#22 C:\xampp\yii\framework\web\CWebApplication.php(141): CWebApplication->runController('')
#23 C:\xampp\yii\framework\base\CApplication.php(180): CWebApplication->processRequest()
#24 C:\xampp\htdocs\tienda\index.php(13): CApplication->run()
#25 {main}
REQUEST_URI=/tienda/
---
2014/08/22 22:30:35 [error] [exception.CException] exception 'CException' with message 'La propiedad "CWebUser"."bootstrap" no se encuentra definida.' in C:\xampp\yii\framework\base\CComponent.php:173
Stack trace:
#0 C:\xampp\yii\framework\web\auth\CWebUser.php(160): CComponent->__set('bootstrap', Array)
#1 C:\xampp\yii\framework\YiiBase.php(220): CWebUser->__set('bootstrap', Array)
#2 C:\xampp\yii\framework\base\CModule.php(386): YiiBase::createComponent(Array)
#3 C:\xampp\yii\framework\base\CModule.php(103): CModule->getComponent('user')
#4 C:\xampp\htdocs\tienda\protected\views\layouts\main.php(35): CModule->__get('user')
#5 C:\xampp\yii\framework\web\CBaseController.php(126): require('C:\xampp\htdocs...')
#6 C:\xampp\yii\framework\web\CBaseController.php(95): CBaseController->renderInternal('C:\xampp\htdocs...', Array, true)
#7 C:\xampp\yii\framework\web\widgets\CContentDecorator.php(76): CBaseController->renderFile('C:\xampp\htdocs...', Array, true)
#8 C:\xampp\yii\framework\web\widgets\CContentDecorator.php(54): CContentDecorator->decorate('<div id="conten...')
#9 C:\xampp\yii\framework\web\widgets\COutputProcessor.php(44): CContentDecorator->processOutput('<div id="conten...')
#10 C:\xampp\yii\framework\web\CBaseController.php(206): COutputProcessor->run()
#11 C:\xampp\yii\framework\web\CBaseController.php(300): CBaseController->endWidget('CContentDecorat...')
#12 C:\xampp\htdocs\tienda\protected\views\layouts\column1.php(6): CBaseController->endContent()
#13 C:\xampp\yii\framework\web\CBaseController.php(126): require('C:\xampp\htdocs...')
#14 C:\xampp\yii\framework\web\CBaseController.php(95): CBaseController->renderInternal('C:\xampp\htdocs...', Array, true)
#15 C:\xampp\yii\framework\web\CController.php(784): CBaseController->renderFile('C:\xampp\htdocs...', Array, true)
#16 C:\xampp\htdocs\tienda\protected\controllers\SiteController.php(98): CController->render('login', Array)
#17 C:\xampp\yii\framework\web\actions\CInlineAction.php(49): SiteController->actionLogin()
#18 C:\xampp\yii\framework\web\CController.php(308): CInlineAction->runWithParams(Array)
#19 C:\xampp\yii\framework\web\CController.php(286): CController->runAction(Object(CInlineAction))
#20 C:\xampp\yii\framework\web\CController.php(265): CController->runActionWithFilters(Object(CInlineAction), Array)
#21 C:\xampp\yii\framework\web\CWebApplication.php(282): CController->run('login')
#22 C:\xampp\yii\framework\web\CWebApplication.php(141): CWebApplication->runController('')
#23 C:\xampp\yii\framework\base\CApplication.php(180): CWebApplication->processRequest()
#24 C:\xampp\htdocs\tienda\index.php(13): CApplication->run()
#25 {main}
REQUEST_URI=/tienda/
---
2014/08/22 22:30:36 [error] [exception.CException] exception 'CException' with message 'La propiedad "CWebUser"."bootstrap" no se encuentra definida.' in C:\xampp\yii\framework\base\CComponent.php:173
Stack trace:
#0 C:\xampp\yii\framework\web\auth\CWebUser.php(160): CComponent->__set('bootstrap', Array)
#1 C:\xampp\yii\framework\YiiBase.php(220): CWebUser->__set('bootstrap', Array)
#2 C:\xampp\yii\framework\base\CModule.php(386): YiiBase::createComponent(Array)
#3 C:\xampp\yii\framework\base\CModule.php(103): CModule->getComponent('user')
#4 C:\xampp\htdocs\tienda\protected\views\layouts\main.php(35): CModule->__get('user')
#5 C:\xampp\yii\framework\web\CBaseController.php(126): require('C:\xampp\htdocs...')
#6 C:\xampp\yii\framework\web\CBaseController.php(95): CBaseController->renderInternal('C:\xampp\htdocs...', Array, true)
#7 C:\xampp\yii\framework\web\widgets\CContentDecorator.php(76): CBaseController->renderFile('C:\xampp\htdocs...', Array, true)
#8 C:\xampp\yii\framework\web\widgets\CContentDecorator.php(54): CContentDecorator->decorate('<div id="conten...')
#9 C:\xampp\yii\framework\web\widgets\COutputProcessor.php(44): CContentDecorator->processOutput('<div id="conten...')
#10 C:\xampp\yii\framework\web\CBaseController.php(206): COutputProcessor->run()
#11 C:\xampp\yii\framework\web\CBaseController.php(300): CBaseController->endWidget('CContentDecorat...')
#12 C:\xampp\htdocs\tienda\protected\views\layouts\column1.php(6): CBaseController->endContent()
#13 C:\xampp\yii\framework\web\CBaseController.php(126): require('C:\xampp\htdocs...')
#14 C:\xampp\yii\framework\web\CBaseController.php(95): CBaseController->renderInternal('C:\xampp\htdocs...', Array, true)
#15 C:\xampp\yii\framework\web\CController.php(784): CBaseController->renderFile('C:\xampp\htdocs...', Array, true)
#16 C:\xampp\htdocs\tienda\protected\controllers\SiteController.php(98): CController->render('login', Array)
#17 C:\xampp\yii\framework\web\actions\CInlineAction.php(49): SiteController->actionLogin()
#18 C:\xampp\yii\framework\web\CController.php(308): CInlineAction->runWithParams(Array)
#19 C:\xampp\yii\framework\web\CController.php(286): CController->runAction(Object(CInlineAction))
#20 C:\xampp\yii\framework\web\CController.php(265): CController->runActionWithFilters(Object(CInlineAction), Array)
#21 C:\xampp\yii\framework\web\CWebApplication.php(282): CController->run('login')
#22 C:\xampp\yii\framework\web\CWebApplication.php(141): CWebApplication->runController('')
#23 C:\xampp\yii\framework\base\CApplication.php(180): CWebApplication->processRequest()
#24 C:\xampp\htdocs\tienda\index.php(13): CApplication->run()
#25 {main}
REQUEST_URI=/tienda/
---
2014/08/22 22:30:37 [error] [exception.CException] exception 'CException' with message 'La propiedad "CWebUser"."bootstrap" no se encuentra definida.' in C:\xampp\yii\framework\base\CComponent.php:173
Stack trace:
#0 C:\xampp\yii\framework\web\auth\CWebUser.php(160): CComponent->__set('bootstrap', Array)
#1 C:\xampp\yii\framework\YiiBase.php(220): CWebUser->__set('bootstrap', Array)
#2 C:\xampp\yii\framework\base\CModule.php(386): YiiBase::createComponent(Array)
#3 C:\xampp\yii\framework\base\CModule.php(103): CModule->getComponent('user')
#4 C:\xampp\htdocs\tienda\protected\views\layouts\main.php(35): CModule->__get('user')
#5 C:\xampp\yii\framework\web\CBaseController.php(126): require('C:\xampp\htdocs...')
#6 C:\xampp\yii\framework\web\CBaseController.php(95): CBaseController->renderInternal('C:\xampp\htdocs...', Array, true)
#7 C:\xampp\yii\framework\web\widgets\CContentDecorator.php(76): CBaseController->renderFile('C:\xampp\htdocs...', Array, true)
#8 C:\xampp\yii\framework\web\widgets\CContentDecorator.php(54): CContentDecorator->decorate('<div id="conten...')
#9 C:\xampp\yii\framework\web\widgets\COutputProcessor.php(44): CContentDecorator->processOutput('<div id="conten...')
#10 C:\xampp\yii\framework\web\CBaseController.php(206): COutputProcessor->run()
#11 C:\xampp\yii\framework\web\CBaseController.php(300): CBaseController->endWidget('CContentDecorat...')
#12 C:\xampp\htdocs\tienda\protected\views\layouts\column1.php(6): CBaseController->endContent()
#13 C:\xampp\yii\framework\web\CBaseController.php(126): require('C:\xampp\htdocs...')
#14 C:\xampp\yii\framework\web\CBaseController.php(95): CBaseController->renderInternal('C:\xampp\htdocs...', Array, true)
#15 C:\xampp\yii\framework\web\CController.php(784): CBaseController->renderFile('C:\xampp\htdocs...', Array, true)
#16 C:\xampp\htdocs\tienda\protected\controllers\SiteController.php(98): CController->render('login', Array)
#17 C:\xampp\yii\framework\web\actions\CInlineAction.php(49): SiteController->actionLogin()
#18 C:\xampp\yii\framework\web\CController.php(308): CInlineAction->runWithParams(Array)
#19 C:\xampp\yii\framework\web\CController.php(286): CController->runAction(Object(CInlineAction))
#20 C:\xampp\yii\framework\web\CController.php(265): CController->runActionWithFilters(Object(CInlineAction), Array)
#21 C:\xampp\yii\framework\web\CWebApplication.php(282): CController->run('login')
#22 C:\xampp\yii\framework\web\CWebApplication.php(141): CWebApplication->runController('')
#23 C:\xampp\yii\framework\base\CApplication.php(180): CWebApplication->processRequest()
#24 C:\xampp\htdocs\tienda\index.php(13): CApplication->run()
#25 {main}
REQUEST_URI=/tienda/
---
2014/08/22 22:30:37 [error] [exception.CException] exception 'CException' with message 'La propiedad "CWebUser"."bootstrap" no se encuentra definida.' in C:\xampp\yii\framework\base\CComponent.php:173
Stack trace:
#0 C:\xampp\yii\framework\web\auth\CWebUser.php(160): CComponent->__set('bootstrap', Array)
#1 C:\xampp\yii\framework\YiiBase.php(220): CWebUser->__set('bootstrap', Array)
#2 C:\xampp\yii\framework\base\CModule.php(386): YiiBase::createComponent(Array)
#3 C:\xampp\yii\framework\base\CModule.php(103): CModule->getComponent('user')
#4 C:\xampp\htdocs\tienda\protected\views\layouts\main.php(35): CModule->__get('user')
#5 C:\xampp\yii\framework\web\CBaseController.php(126): require('C:\xampp\htdocs...')
#6 C:\xampp\yii\framework\web\CBaseController.php(95): CBaseController->renderInternal('C:\xampp\htdocs...', Array, true)
#7 C:\xampp\yii\framework\web\widgets\CContentDecorator.php(76): CBaseController->renderFile('C:\xampp\htdocs...', Array, true)
#8 C:\xampp\yii\framework\web\widgets\CContentDecorator.php(54): CContentDecorator->decorate('<div id="conten...')
#9 C:\xampp\yii\framework\web\widgets\COutputProcessor.php(44): CContentDecorator->processOutput('<div id="conten...')
#10 C:\xampp\yii\framework\web\CBaseController.php(206): COutputProcessor->run()
#11 C:\xampp\yii\framework\web\CBaseController.php(300): CBaseController->endWidget('CContentDecorat...')
#12 C:\xampp\htdocs\tienda\protected\views\layouts\column1.php(6): CBaseController->endContent()
#13 C:\xampp\yii\framework\web\CBaseController.php(126): require('C:\xampp\htdocs...')
#14 C:\xampp\yii\framework\web\CBaseController.php(95): CBaseController->renderInternal('C:\xampp\htdocs...', Array, true)
#15 C:\xampp\yii\framework\web\CController.php(784): CBaseController->renderFile('C:\xampp\htdocs...', Array, true)
#16 C:\xampp\htdocs\tienda\protected\controllers\SiteController.php(98): CController->render('login', Array)
#17 C:\xampp\yii\framework\web\actions\CInlineAction.php(49): SiteController->actionLogin()
#18 C:\xampp\yii\framework\web\CController.php(308): CInlineAction->runWithParams(Array)
#19 C:\xampp\yii\framework\web\CController.php(286): CController->runAction(Object(CInlineAction))
#20 C:\xampp\yii\framework\web\CController.php(265): CController->runActionWithFilters(Object(CInlineAction), Array)
#21 C:\xampp\yii\framework\web\CWebApplication.php(282): CController->run('login')
#22 C:\xampp\yii\framework\web\CWebApplication.php(141): CWebApplication->runController('')
#23 C:\xampp\yii\framework\base\CApplication.php(180): CWebApplication->processRequest()
#24 C:\xampp\htdocs\tienda\index.php(13): CApplication->run()
#25 {main}
REQUEST_URI=/tienda/
---
2014/08/22 22:30:38 [error] [exception.CException] exception 'CException' with message 'La propiedad "CWebUser"."bootstrap" no se encuentra definida.' in C:\xampp\yii\framework\base\CComponent.php:173
Stack trace:
#0 C:\xampp\yii\framework\web\auth\CWebUser.php(160): CComponent->__set('bootstrap', Array)
#1 C:\xampp\yii\framework\YiiBase.php(220): CWebUser->__set('bootstrap', Array)
#2 C:\xampp\yii\framework\base\CModule.php(386): YiiBase::createComponent(Array)
#3 C:\xampp\yii\framework\base\CModule.php(103): CModule->getComponent('user')
#4 C:\xampp\htdocs\tienda\protected\views\layouts\main.php(35): CModule->__get('user')
#5 C:\xampp\yii\framework\web\CBaseController.php(126): require('C:\xampp\htdocs...')
#6 C:\xampp\yii\framework\web\CBaseController.php(95): CBaseController->renderInternal('C:\xampp\htdocs...', Array, true)
#7 C:\xampp\yii\framework\web\widgets\CContentDecorator.php(76): CBaseController->renderFile('C:\xampp\htdocs...', Array, true)
#8 C:\xampp\yii\framework\web\widgets\CContentDecorator.php(54): CContentDecorator->decorate('<div id="conten...')
#9 C:\xampp\yii\framework\web\widgets\COutputProcessor.php(44): CContentDecorator->processOutput('<div id="conten...')
#10 C:\xampp\yii\framework\web\CBaseController.php(206): COutputProcessor->run()
#11 C:\xampp\yii\framework\web\CBaseController.php(300): CBaseController->endWidget('CContentDecorat...')
#12 C:\xampp\htdocs\tienda\protected\views\layouts\column1.php(6): CBaseController->endContent()
#13 C:\xampp\yii\framework\web\CBaseController.php(126): require('C:\xampp\htdocs...')
#14 C:\xampp\yii\framework\web\CBaseController.php(95): CBaseController->renderInternal('C:\xampp\htdocs...', Array, true)
#15 C:\xampp\yii\framework\web\CController.php(784): CBaseController->renderFile('C:\xampp\htdocs...', Array, true)
#16 C:\xampp\htdocs\tienda\protected\controllers\SiteController.php(98): CController->render('login', Array)
#17 C:\xampp\yii\framework\web\actions\CInlineAction.php(49): SiteController->actionLogin()
#18 C:\xampp\yii\framework\web\CController.php(308): CInlineAction->runWithParams(Array)
#19 C:\xampp\yii\framework\web\CController.php(286): CController->runAction(Object(CInlineAction))
#20 C:\xampp\yii\framework\web\CController.php(265): CController->runActionWithFilters(Object(CInlineAction), Array)
#21 C:\xampp\yii\framework\web\CWebApplication.php(282): CController->run('login')
#22 C:\xampp\yii\framework\web\CWebApplication.php(141): CWebApplication->runController('')
#23 C:\xampp\yii\framework\base\CApplication.php(180): CWebApplication->processRequest()
#24 C:\xampp\htdocs\tienda\index.php(13): CApplication->run()
#25 {main}
REQUEST_URI=/tienda/
---
2014/08/22 22:30:38 [error] [exception.CException] exception 'CException' with message 'La propiedad "CWebUser"."bootstrap" no se encuentra definida.' in C:\xampp\yii\framework\base\CComponent.php:173
Stack trace:
#0 C:\xampp\yii\framework\web\auth\CWebUser.php(160): CComponent->__set('bootstrap', Array)
#1 C:\xampp\yii\framework\YiiBase.php(220): CWebUser->__set('bootstrap', Array)
#2 C:\xampp\yii\framework\base\CModule.php(386): YiiBase::createComponent(Array)
#3 C:\xampp\yii\framework\base\CModule.php(103): CModule->getComponent('user')
#4 C:\xampp\htdocs\tienda\protected\views\layouts\main.php(35): CModule->__get('user')
#5 C:\xampp\yii\framework\web\CBaseController.php(126): require('C:\xampp\htdocs...')
#6 C:\xampp\yii\framework\web\CBaseController.php(95): CBaseController->renderInternal('C:\xampp\htdocs...', Array, true)
#7 C:\xampp\yii\framework\web\widgets\CContentDecorator.php(76): CBaseController->renderFile('C:\xampp\htdocs...', Array, true)
#8 C:\xampp\yii\framework\web\widgets\CContentDecorator.php(54): CContentDecorator->decorate('<div id="conten...')
#9 C:\xampp\yii\framework\web\widgets\COutputProcessor.php(44): CContentDecorator->processOutput('<div id="conten...')
#10 C:\xampp\yii\framework\web\CBaseController.php(206): COutputProcessor->run()
#11 C:\xampp\yii\framework\web\CBaseController.php(300): CBaseController->endWidget('CContentDecorat...')
#12 C:\xampp\htdocs\tienda\protected\views\layouts\column1.php(6): CBaseController->endContent()
#13 C:\xampp\yii\framework\web\CBaseController.php(126): require('C:\xampp\htdocs...')
#14 C:\xampp\yii\framework\web\CBaseController.php(95): CBaseController->renderInternal('C:\xampp\htdocs...', Array, true)
#15 C:\xampp\yii\framework\web\CController.php(784): CBaseController->renderFile('C:\xampp\htdocs...', Array, true)
#16 C:\xampp\htdocs\tienda\protected\controllers\SiteController.php(98): CController->render('login', Array)
#17 C:\xampp\yii\framework\web\actions\CInlineAction.php(49): SiteController->actionLogin()
#18 C:\xampp\yii\framework\web\CController.php(308): CInlineAction->runWithParams(Array)
#19 C:\xampp\yii\framework\web\CController.php(286): CController->runAction(Object(CInlineAction))
#20 C:\xampp\yii\framework\web\CController.php(265): CController->runActionWithFilters(Object(CInlineAction), Array)
#21 C:\xampp\yii\framework\web\CWebApplication.php(282): CController->run('login')
#22 C:\xampp\yii\framework\web\CWebApplication.php(141): CWebApplication->runController('')
#23 C:\xampp\yii\framework\base\CApplication.php(180): CWebApplication->processRequest()
#24 C:\xampp\htdocs\tienda\index.php(13): CApplication->run()
#25 {main}
REQUEST_URI=/tienda/
---
2014/08/22 22:30:38 [error] [exception.CException] exception 'CException' with message 'La propiedad "CWebUser"."bootstrap" no se encuentra definida.' in C:\xampp\yii\framework\base\CComponent.php:173
Stack trace:
#0 C:\xampp\yii\framework\web\auth\CWebUser.php(160): CComponent->__set('bootstrap', Array)
#1 C:\xampp\yii\framework\YiiBase.php(220): CWebUser->__set('bootstrap', Array)
#2 C:\xampp\yii\framework\base\CModule.php(386): YiiBase::createComponent(Array)
#3 C:\xampp\yii\framework\base\CModule.php(103): CModule->getComponent('user')
#4 C:\xampp\htdocs\tienda\protected\views\layouts\main.php(35): CModule->__get('user')
#5 C:\xampp\yii\framework\web\CBaseController.php(126): require('C:\xampp\htdocs...')
#6 C:\xampp\yii\framework\web\CBaseController.php(95): CBaseController->renderInternal('C:\xampp\htdocs...', Array, true)
#7 C:\xampp\yii\framework\web\widgets\CContentDecorator.php(76): CBaseController->renderFile('C:\xampp\htdocs...', Array, true)
#8 C:\xampp\yii\framework\web\widgets\CContentDecorator.php(54): CContentDecorator->decorate('<div id="conten...')
#9 C:\xampp\yii\framework\web\widgets\COutputProcessor.php(44): CContentDecorator->processOutput('<div id="conten...')
#10 C:\xampp\yii\framework\web\CBaseController.php(206): COutputProcessor->run()
#11 C:\xampp\yii\framework\web\CBaseController.php(300): CBaseController->endWidget('CContentDecorat...')
#12 C:\xampp\htdocs\tienda\protected\views\layouts\column1.php(6): CBaseController->endContent()
#13 C:\xampp\yii\framework\web\CBaseController.php(126): require('C:\xampp\htdocs...')
#14 C:\xampp\yii\framework\web\CBaseController.php(95): CBaseController->renderInternal('C:\xampp\htdocs...', Array, true)
#15 C:\xampp\yii\framework\web\CController.php(784): CBaseController->renderFile('C:\xampp\htdocs...', Array, true)
#16 C:\xampp\htdocs\tienda\protected\controllers\SiteController.php(98): CController->render('login', Array)
#17 C:\xampp\yii\framework\web\actions\CInlineAction.php(49): SiteController->actionLogin()
#18 C:\xampp\yii\framework\web\CController.php(308): CInlineAction->runWithParams(Array)
#19 C:\xampp\yii\framework\web\CController.php(286): CController->runAction(Object(CInlineAction))
#20 C:\xampp\yii\framework\web\CController.php(265): CController->runActionWithFilters(Object(CInlineAction), Array)
#21 C:\xampp\yii\framework\web\CWebApplication.php(282): CController->run('login')
#22 C:\xampp\yii\framework\web\CWebApplication.php(141): CWebApplication->runController('')
#23 C:\xampp\yii\framework\base\CApplication.php(180): CWebApplication->processRequest()
#24 C:\xampp\htdocs\tienda\index.php(13): CApplication->run()
#25 {main}
REQUEST_URI=/tienda/
---
2014/08/22 22:30:39 [error] [exception.CException] exception 'CException' with message 'La propiedad "CWebUser"."bootstrap" no se encuentra definida.' in C:\xampp\yii\framework\base\CComponent.php:173
Stack trace:
#0 C:\xampp\yii\framework\web\auth\CWebUser.php(160): CComponent->__set('bootstrap', Array)
#1 C:\xampp\yii\framework\YiiBase.php(220): CWebUser->__set('bootstrap', Array)
#2 C:\xampp\yii\framework\base\CModule.php(386): YiiBase::createComponent(Array)
#3 C:\xampp\yii\framework\base\CModule.php(103): CModule->getComponent('user')
#4 C:\xampp\htdocs\tienda\protected\views\layouts\main.php(35): CModule->__get('user')
#5 C:\xampp\yii\framework\web\CBaseController.php(126): require('C:\xampp\htdocs...')
#6 C:\xampp\yii\framework\web\CBaseController.php(95): CBaseController->renderInternal('C:\xampp\htdocs...', Array, true)
#7 C:\xampp\yii\framework\web\widgets\CContentDecorator.php(76): CBaseController->renderFile('C:\xampp\htdocs...', Array, true)
#8 C:\xampp\yii\framework\web\widgets\CContentDecorator.php(54): CContentDecorator->decorate('<div id="conten...')
#9 C:\xampp\yii\framework\web\widgets\COutputProcessor.php(44): CContentDecorator->processOutput('<div id="conten...')
#10 C:\xampp\yii\framework\web\CBaseController.php(206): COutputProcessor->run()
#11 C:\xampp\yii\framework\web\CBaseController.php(300): CBaseController->endWidget('CContentDecorat...')
#12 C:\xampp\htdocs\tienda\protected\views\layouts\column1.php(6): CBaseController->endContent()
#13 C:\xampp\yii\framework\web\CBaseController.php(126): require('C:\xampp\htdocs...')
#14 C:\xampp\yii\framework\web\CBaseController.php(95): CBaseController->renderInternal('C:\xampp\htdocs...', Array, true)
#15 C:\xampp\yii\framework\web\CController.php(784): CBaseController->renderFile('C:\xampp\htdocs...', Array, true)
#16 C:\xampp\htdocs\tienda\protected\controllers\SiteController.php(98): CController->render('login', Array)
#17 C:\xampp\yii\framework\web\actions\CInlineAction.php(49): SiteController->actionLogin()
#18 C:\xampp\yii\framework\web\CController.php(308): CInlineAction->runWithParams(Array)
#19 C:\xampp\yii\framework\web\CController.php(286): CController->runAction(Object(CInlineAction))
#20 C:\xampp\yii\framework\web\CController.php(265): CController->runActionWithFilters(Object(CInlineAction), Array)
#21 C:\xampp\yii\framework\web\CWebApplication.php(282): CController->run('login')
#22 C:\xampp\yii\framework\web\CWebApplication.php(141): CWebApplication->runController('')
#23 C:\xampp\yii\framework\base\CApplication.php(180): CWebApplication->processRequest()
#24 C:\xampp\htdocs\tienda\index.php(13): CApplication->run()
#25 {main}
REQUEST_URI=/tienda/
---
2014/08/22 22:35:05 [error] [exception.CException] exception 'CException' with message 'La propiedad "CWebUser"."bootstrap" no se encuentra definida.' in C:\xampp\yii\framework\base\CComponent.php:173
Stack trace:
#0 C:\xampp\yii\framework\web\auth\CWebUser.php(160): CComponent->__set('bootstrap', Array)
#1 C:\xampp\yii\framework\YiiBase.php(220): CWebUser->__set('bootstrap', Array)
#2 C:\xampp\yii\framework\base\CModule.php(386): YiiBase::createComponent(Array)
#3 C:\xampp\yii\framework\web\CWebApplication.php(209): CModule->getComponent('user')
#4 C:\xampp\yii\framework\web\auth\CAccessControlFilter.php(132): CWebApplication->getUser()
#5 C:\xampp\yii\framework\web\filters\CFilter.php(38): CAccessControlFilter->preFilter(Object(CFilterChain))
#6 C:\xampp\yii\framework\web\CController.php(1145): CFilter->filter(Object(CFilterChain))
#7 C:\xampp\yii\framework\web\filters\CInlineFilter.php(58): CController->filterAccessControl(Object(CFilterChain))
#8 C:\xampp\yii\framework\web\filters\CFilterChain.php(130): CInlineFilter->filter(Object(CFilterChain))
#9 C:\xampp\yii\framework\web\CController.php(291): CFilterChain->run()
#10 C:\xampp\yii\framework\web\CController.php(265): CController->runActionWithFilters(Object(CInlineAction), Array)
#11 C:\xampp\yii\framework\web\CWebApplication.php(282): CController->run('')
#12 C:\xampp\yii\framework\web\CWebApplication.php(141): CWebApplication->runController('Cliente')
#13 C:\xampp\yii\framework\base\CApplication.php(180): CWebApplication->processRequest()
#14 C:\xampp\htdocs\tienda\index.php(13): CApplication->run()
#15 {main}
REQUEST_URI=/tienda/index.php?r=Cliente
---
2014/08/22 22:36:34 [error] [exception.CException] exception 'CException' with message 'La propiedad "CWebUser"."bootstrap" no se encuentra definida.' in C:\xampp\yii\framework\base\CComponent.php:173
Stack trace:
#0 C:\xampp\yii\framework\web\auth\CWebUser.php(160): CComponent->__set('bootstrap', Array)
#1 C:\xampp\yii\framework\YiiBase.php(220): CWebUser->__set('bootstrap', Array)
#2 C:\xampp\yii\framework\base\CModule.php(386): YiiBase::createComponent(Array)
#3 C:\xampp\yii\framework\web\CWebApplication.php(209): CModule->getComponent('user')
#4 C:\xampp\yii\framework\web\auth\CAccessControlFilter.php(132): CWebApplication->getUser()
#5 C:\xampp\yii\framework\web\filters\CFilter.php(38): CAccessControlFilter->preFilter(Object(CFilterChain))
#6 C:\xampp\yii\framework\web\CController.php(1145): CFilter->filter(Object(CFilterChain))
#7 C:\xampp\yii\framework\web\filters\CInlineFilter.php(58): CController->filterAccessControl(Object(CFilterChain))
#8 C:\xampp\yii\framework\web\filters\CFilterChain.php(130): CInlineFilter->filter(Object(CFilterChain))
#9 C:\xampp\yii\framework\web\CController.php(291): CFilterChain->run()
#10 C:\xampp\yii\framework\web\CController.php(265): CController->runActionWithFilters(Object(CInlineAction), Array)
#11 C:\xampp\yii\framework\web\CWebApplication.php(282): CController->run('')
#12 C:\xampp\yii\framework\web\CWebApplication.php(141): CWebApplication->runController('Cliente')
#13 C:\xampp\yii\framework\base\CApplication.php(180): CWebApplication->processRequest()
#14 C:\xampp\htdocs\tienda\index.php(13): CApplication->run()
#15 {main}
REQUEST_URI=/tienda/index.php?r=Cliente
---
2014/08/22 22:36:44 [error] [exception.CException] exception 'CException' with message 'Property "CWebUser.bootstrap" is not defined.' in C:\xampp\yii\framework\base\CComponent.php:173
Stack trace:
#0 C:\xampp\yii\framework\web\auth\CWebUser.php(160): CComponent->__set('bootstrap', Array)
#1 C:\xampp\yii\framework\YiiBase.php(220): CWebUser->__set('bootstrap', Array)
#2 C:\xampp\yii\framework\base\CModule.php(386): YiiBase::createComponent(Array)
#3 C:\xampp\yii\framework\web\CWebApplication.php(209): CModule->getComponent('user')
#4 C:\xampp\yii\framework\web\auth\CAccessControlFilter.php(132): CWebApplication->getUser()
#5 C:\xampp\yii\framework\web\filters\CFilter.php(38): CAccessControlFilter->preFilter(Object(CFilterChain))
#6 C:\xampp\yii\framework\web\CController.php(1145): CFilter->filter(Object(CFilterChain))
#7 C:\xampp\yii\framework\web\filters\CInlineFilter.php(58): CController->filterAccessControl(Object(CFilterChain))
#8 C:\xampp\yii\framework\web\filters\CFilterChain.php(130): CInlineFilter->filter(Object(CFilterChain))
#9 C:\xampp\yii\framework\web\CController.php(291): CFilterChain->run()
#10 C:\xampp\yii\framework\web\CController.php(265): CController->runActionWithFilters(Object(CInlineAction), Array)
#11 C:\xampp\yii\framework\web\CWebApplication.php(282): CController->run('')
#12 C:\xampp\yii\framework\web\CWebApplication.php(141): CWebApplication->runController('Cliente')
#13 C:\xampp\yii\framework\base\CApplication.php(180): CWebApplication->processRequest()
#14 C:\xampp\htdocs\tienda\index.php(13): CApplication->run()
#15 {main}
REQUEST_URI=/tienda/index.php?r=Cliente
---
2014/08/30 00:08:20 [error] [exception.CHttpException.404] exception 'CHttpException' with message 'No es posible resolver la solicitud "alumno/index"' in C:\xampp\yii\framework\web\CWebApplication.php:286
Stack trace:
#0 C:\xampp\yii\framework\web\CWebApplication.php(141): CWebApplication->runController('alumno/index')
#1 C:\xampp\yii\framework\base\CApplication.php(180): CWebApplication->processRequest()
#2 C:\xampp\htdocs\tienda\index.php(13): CApplication->run()
#3 {main}
REQUEST_URI=/tienda/index.php?r=alumno/index
HTTP_REFERER=http://localhost/tienda/index.php
---
2014/08/30 00:08:23 [error] [exception.CHttpException.404] exception 'CHttpException' with message 'No es posible resolver la solicitud "alumno/index"' in C:\xampp\yii\framework\web\CWebApplication.php:286
Stack trace:
#0 C:\xampp\yii\framework\web\CWebApplication.php(141): CWebApplication->runController('alumno/index')
#1 C:\xampp\yii\framework\base\CApplication.php(180): CWebApplication->processRequest()
#2 C:\xampp\htdocs\tienda\index.php(13): CApplication->run()
#3 {main}
REQUEST_URI=/tienda/index.php?r=alumno/index
HTTP_REFERER=http://localhost/tienda/index.php?r=alumno/index
---
2014/08/30 00:08:28 [error] [exception.CHttpException.404] exception 'CHttpException' with message 'No es posible resolver la solicitud "alumno/create"' in C:\xampp\yii\framework\web\CWebApplication.php:286
Stack trace:
#0 C:\xampp\yii\framework\web\CWebApplication.php(141): CWebApplication->runController('alumno/create')
#1 C:\xampp\yii\framework\base\CApplication.php(180): CWebApplication->processRequest()
#2 C:\xampp\htdocs\tienda\index.php(13): CApplication->run()
#3 {main}
REQUEST_URI=/tienda/index.php?r=alumno/create
HTTP_REFERER=http://localhost/tienda/index.php?r=alumno/index
---
2014/08/30 00:08:30 [error] [exception.CHttpException.404] exception 'CHttpException' with message 'No es posible resolver la solicitud "alumno/admin"' in C:\xampp\yii\framework\web\CWebApplication.php:286
Stack trace:
#0 C:\xampp\yii\framework\web\CWebApplication.php(141): CWebApplication->runController('alumno/admin')
#1 C:\xampp\yii\framework\base\CApplication.php(180): CWebApplication->processRequest()
#2 C:\xampp\htdocs\tienda\index.php(13): CApplication->run()
#3 {main}
REQUEST_URI=/tienda/index.php?r=alumno/admin
HTTP_REFERER=http://localhost/tienda/index.php?r=alumno/create
---
2014/08/30 00:12:57 [error] [exception.CHttpException.404] exception 'CHttpException' with message 'No es posible resolver la solicitud "alumno/admin"' in C:\xampp\yii\framework\web\CWebApplication.php:286
Stack trace:
#0 C:\xampp\yii\framework\web\CWebApplication.php(141): CWebApplication->runController('alumno/admin')
#1 C:\xampp\yii\framework\base\CApplication.php(180): CWebApplication->processRequest()
#2 C:\xampp\htdocs\tienda\index.php(13): CApplication->run()
#3 {main}
REQUEST_URI=/tienda/index.php?r=alumno/admin
HTTP_REFERER=http://localhost/tienda/index.php?r=alumno/create
---
2014/08/30 03:41:35 [error] [exception.CException] exception 'CException' with message 'La propiedad "Empresa"."id" no se encuentra definida.' in C:\xampp\yii\framework\base\CComponent.php:130
Stack trace:
#0 C:\xampp\yii\framework\db\ar\CActiveRecord.php(145): CComponent->__get('id')
#1 C:\xampp\yii\framework\web\helpers\CHtml.php(2529): CActiveRecord->__get('id')
#2 C:\xampp\yii\framework\web\helpers\CHtml.php(2252): CHtml::resolveValue(Object(Empresa), 'id')
#3 C:\xampp\yii\framework\web\helpers\CHtml.php(1434): CHtml::activeInputField('text', Object(Empresa), 'id', Array)
#4 C:\xampp\yii\framework\zii\widgets\grid\CDataColumn.php(103): CHtml::activeTextField(Object(Empresa), 'id', Array)
#5 C:\xampp\yii\framework\zii\widgets\grid\CGridColumn.php(116): CDataColumn->renderFilterCellContent()
#6 C:\xampp\yii\framework\zii\widgets\grid\CGridView.php(532): CGridColumn->renderFilterCell()
#7 C:\xampp\yii\framework\zii\widgets\grid\CGridView.php(510): CGridView->renderFilter()
#8 C:\xampp\yii\framework\zii\widgets\grid\CGridView.php(480): CGridView->renderTableHeader()
#9 C:\xampp\yii\framework\zii\widgets\CBaseListView.php(167): CGridView->renderItems()
#10 [internal function]: CBaseListView->renderSection(Array)
#11 C:\xampp\yii\framework\zii\widgets\CBaseListView.php(150): preg_replace_callback('/{(\w+)}/', Array, '{summary}?{item...')
#12 C:\xampp\yii\framework\zii\widgets\CBaseListView.php(135): CBaseListView->renderContent()
#13 C:\xampp\yii\framework\web\CBaseController.php(173): CBaseListView->run()
#14 C:\xampp\htdocs\tienda\protected\views\empresa\admin.php(68): CBaseController->widget('zii.widgets.gri...', Array)
#15 C:\xampp\yii\framework\web\CBaseController.php(126): require('C:\xampp\htdocs...')
#16 C:\xampp\yii\framework\web\CBaseController.php(95): CBaseController->renderInternal('C:\xampp\htdocs...', Array, true)
#17 C:\xampp\yii\framework\web\CController.php(869): CBaseController->renderFile('C:\xampp\htdocs...', Array, true)
#18 C:\xampp\yii\framework\web\CController.php(782): CController->renderPartial('admin', Array, true)
#19 C:\xampp\htdocs\tienda\protected\controllers\EmpresaController.php(143): CController->render('admin', Array)
#20 C:\xampp\yii\framework\web\actions\CInlineAction.php(49): EmpresaController->actionAdmin()
#21 C:\xampp\yii\framework\web\CController.php(308): CInlineAction->runWithParams(Array)
#22 C:\xampp\yii\framework\web\filters\CFilterChain.php(133): CController->runAction(Object(CInlineAction))
#23 C:\xampp\yii\framework\web\filters\CFilter.php(40): CFilterChain->run()
#24 C:\xampp\yii\framework\web\CController.php(1145): CFilter->filter(Object(CFilterChain))
#25 C:\xampp\yii\framework\web\filters\CInlineFilter.php(58): CController->filterAccessControl(Object(CFilterChain))
#26 C:\xampp\yii\framework\web\filters\CFilterChain.php(130): CInlineFilter->filter(Object(CFilterChain))
#27 C:\xampp\yii\framework\web\CController.php(291): CFilterChain->run()
#28 C:\xampp\yii\framework\web\CController.php(265): CController->runActionWithFilters(Object(CInlineAction), Array)
#29 C:\xampp\yii\framework\web\CWebApplication.php(282): CController->run('admin')
#30 C:\xampp\yii\framework\web\CWebApplication.php(141): CWebApplication->runController('empresa/admin')
#31 C:\xampp\yii\framework\base\CApplication.php(180): CWebApplication->processRequest()
#32 C:\xampp\htdocs\tienda\index.php(13): CApplication->run()
#33 {main}
REQUEST_URI=/tienda/index.php?r=empresa/admin
HTTP_REFERER=http://localhost/tienda/index.php?r=empresa/create
---
2014/08/30 03:41:57 [error] [exception.CException] exception 'CException' with message 'La propiedad "Empresa"."id" no se encuentra definida.' in C:\xampp\yii\framework\base\CComponent.php:130
Stack trace:
#0 C:\xampp\yii\framework\db\ar\CActiveRecord.php(145): CComponent->__get('id')
#1 C:\xampp\yii\framework\web\helpers\CHtml.php(2529): CActiveRecord->__get('id')
#2 C:\xampp\yii\framework\web\helpers\CHtml.php(2252): CHtml::resolveValue(Object(Empresa), 'id')
#3 C:\xampp\yii\framework\web\helpers\CHtml.php(1434): CHtml::activeInputField('text', Object(Empresa), 'id', Array)
#4 C:\xampp\yii\framework\zii\widgets\grid\CDataColumn.php(103): CHtml::activeTextField(Object(Empresa), 'id', Array)
#5 C:\xampp\yii\framework\zii\widgets\grid\CGridColumn.php(116): CDataColumn->renderFilterCellContent()
#6 C:\xampp\yii\framework\zii\widgets\grid\CGridView.php(532): CGridColumn->renderFilterCell()
#7 C:\xampp\yii\framework\zii\widgets\grid\CGridView.php(510): CGridView->renderFilter()
#8 C:\xampp\yii\framework\zii\widgets\grid\CGridView.php(480): CGridView->renderTableHeader()
#9 C:\xampp\yii\framework\zii\widgets\CBaseListView.php(167): CGridView->renderItems()
#10 [internal function]: CBaseListView->renderSection(Array)
#11 C:\xampp\yii\framework\zii\widgets\CBaseListView.php(150): preg_replace_callback('/{(\w+)}/', Array, '{summary}?{item...')
#12 C:\xampp\yii\framework\zii\widgets\CBaseListView.php(135): CBaseListView->renderContent()
#13 C:\xampp\yii\framework\web\CBaseController.php(173): CBaseListView->run()
#14 C:\xampp\htdocs\tienda\protected\views\empresa\admin.php(68): CBaseController->widget('zii.widgets.gri...', Array)
#15 C:\xampp\yii\framework\web\CBaseController.php(126): require('C:\xampp\htdocs...')
#16 C:\xampp\yii\framework\web\CBaseController.php(95): CBaseController->renderInternal('C:\xampp\htdocs...', Array, true)
#17 C:\xampp\yii\framework\web\CController.php(869): CBaseController->renderFile('C:\xampp\htdocs...', Array, true)
#18 C:\xampp\yii\framework\web\CController.php(782): CController->renderPartial('admin', Array, true)
#19 C:\xampp\htdocs\tienda\protected\controllers\EmpresaController.php(143): CController->render('admin', Array)
#20 C:\xampp\yii\framework\web\actions\CInlineAction.php(49): EmpresaController->actionAdmin()
#21 C:\xampp\yii\framework\web\CController.php(308): CInlineAction->runWithParams(Array)
#22 C:\xampp\yii\framework\web\filters\CFilterChain.php(133): CController->runAction(Object(CInlineAction))
#23 C:\xampp\yii\framework\web\filters\CFilter.php(40): CFilterChain->run()
#24 C:\xampp\yii\framework\web\CController.php(1145): CFilter->filter(Object(CFilterChain))
#25 C:\xampp\yii\framework\web\filters\CInlineFilter.php(58): CController->filterAccessControl(Object(CFilterChain))
#26 C:\xampp\yii\framework\web\filters\CFilterChain.php(130): CInlineFilter->filter(Object(CFilterChain))
#27 C:\xampp\yii\framework\web\CController.php(291): CFilterChain->run()
#28 C:\xampp\yii\framework\web\CController.php(265): CController->runActionWithFilters(Object(CInlineAction), Array)
#29 C:\xampp\yii\framework\web\CWebApplication.php(282): CController->run('admin')
#30 C:\xampp\yii\framework\web\CWebApplication.php(141): CWebApplication->runController('empresa/admin')
#31 C:\xampp\yii\framework\base\CApplication.php(180): CWebApplication->processRequest()
#32 C:\xampp\htdocs\tienda\index.php(13): CApplication->run()
#33 {main}
REQUEST_URI=/tienda/index.php?r=empresa/admin
HTTP_REFERER=http://localhost/tienda/index.php?r=empresa/create
---
2014/08/30 03:42:33 [error] [exception.CException] exception 'CException' with message 'La propiedad "Empresa"."nombre" no se encuentra definida.' in C:\xampp\yii\framework\base\CComponent.php:130
Stack trace:
#0 C:\xampp\yii\framework\db\ar\CActiveRecord.php(145): CComponent->__get('nombre')
#1 C:\xampp\yii\framework\base\CComponent.php(612) : eval()'d code(1): CActiveRecord->__get('nombre')
#2 C:\xampp\yii\framework\base\CComponent.php(612): eval()
#3 C:\xampp\yii\framework\zii\widgets\grid\CDataColumn.php(137): CComponent->evaluateExpression('$data->nombre', Array)
#4 C:\xampp\yii\framework\zii\widgets\grid\CGridColumn.php(151): CDataColumn->renderDataCellContent(0, Object(Empresa))
#5 C:\xampp\yii\framework\zii\widgets\grid\CGridView.php(616): CGridColumn->renderDataCell(0)
#6 C:\xampp\yii\framework\zii\widgets\grid\CGridView.php(572): CGridView->renderTableRow(0)
#7 C:\xampp\yii\framework\zii\widgets\grid\CGridView.php(482): CGridView->renderTableBody()
#8 C:\xampp\yii\framework\zii\widgets\CBaseListView.php(167): CGridView->renderItems()
#9 [internal function]: CBaseListView->renderSection(Array)
#10 C:\xampp\yii\framework\zii\widgets\CBaseListView.php(150): preg_replace_callback('/{(\w+)}/', Array, '{summary}?{item...')
#11 C:\xampp\yii\framework\zii\widgets\CBaseListView.php(135): CBaseListView->renderContent()
#12 C:\xampp\yii\framework\web\CBaseController.php(173): CBaseListView->run()
#13 C:\xampp\htdocs\tienda\protected\views\empresa\admin.php(68): CBaseController->widget('zii.widgets.gri...', Array)
#14 C:\xampp\yii\framework\web\CBaseController.php(126): require('C:\xampp\htdocs...')
#15 C:\xampp\yii\framework\web\CBaseController.php(95): CBaseController->renderInternal('C:\xampp\htdocs...', Array, true)
#16 C:\xampp\yii\framework\web\CController.php(869): CBaseController->renderFile('C:\xampp\htdocs...', Array, true)
#17 C:\xampp\yii\framework\web\CController.php(782): CController->renderPartial('admin', Array, true)
#18 C:\xampp\htdocs\tienda\protected\controllers\EmpresaController.php(143): CController->render('admin', Array)
#19 C:\xampp\yii\framework\web\actions\CInlineAction.php(49): EmpresaController->actionAdmin()
#20 C:\xampp\yii\framework\web\CController.php(308): CInlineAction->runWithParams(Array)
#21 C:\xampp\yii\framework\web\filters\CFilterChain.php(133): CController->runAction(Object(CInlineAction))
#22 C:\xampp\yii\framework\web\filters\CFilter.php(40): CFilterChain->run()
#23 C:\xampp\yii\framework\web\CController.php(1145): CFilter->filter(Object(CFilterChain))
#24 C:\xampp\yii\framework\web\filters\CInlineFilter.php(58): CController->filterAccessControl(Object(CFilterChain))
#25 C:\xampp\yii\framework\web\filters\CFilterChain.php(130): CInlineFilter->filter(Object(CFilterChain))
#26 C:\xampp\yii\framework\web\CController.php(291): CFilterChain->run()
#27 C:\xampp\yii\framework\web\CController.php(265): CController->runActionWithFilters(Object(CInlineAction), Array)
#28 C:\xampp\yii\framework\web\CWebApplication.php(282): CController->run('admin')
#29 C:\xampp\yii\framework\web\CWebApplication.php(141): CWebApplication->runController('empresa/admin')
#30 C:\xampp\yii\framework\base\CApplication.php(180): CWebApplication->processRequest()
#31 C:\xampp\htdocs\tienda\index.php(13): CApplication->run()
#32 {main}
REQUEST_URI=/tienda/index.php?r=empresa/admin
HTTP_REFERER=http://localhost/tienda/index.php?r=empresa/create
---
2014/08/30 03:54:36 [error] [php] include(id_tipocliente.php): failed to open stream: No such file or directory (C:\xampp\yii\framework\YiiBase.php:427)
Stack trace:
#0 C:\xampp\htdocs\tienda\protected\views\cliente\admin.php(59): spl_autoload_call()
#1 C:\xampp\yii\framework\web\CBaseController.php(126): require()
#2 C:\xampp\yii\framework\web\CBaseController.php(95): ClienteController->renderInternal()
#3 C:\xampp\yii\framework\web\CController.php(869): ClienteController->renderFile()
#4 C:\xampp\yii\framework\web\CController.php(782): ClienteController->renderPartial()
#5 C:\xampp\htdocs\tienda\protected\controllers\ClienteController.php(143): ClienteController->render()
#6 C:\xampp\yii\framework\web\actions\CInlineAction.php(49): ClienteController->actionAdmin()
#7 C:\xampp\yii\framework\web\CController.php(308): CInlineAction->runWithParams()
#8 C:\xampp\yii\framework\web\filters\CFilterChain.php(133): ClienteController->runAction()
#9 C:\xampp\yii\framework\web\filters\CFilter.php(40): CFilterChain->run()
#10 C:\xampp\yii\framework\web\CController.php(1145): CAccessControlFilter->filter()
#11 C:\xampp\yii\framework\web\filters\CInlineFilter.php(58): ClienteController->filterAccessControl()
#12 C:\xampp\yii\framework\web\filters\CFilterChain.php(130): CInlineFilter->filter()
#13 C:\xampp\yii\framework\web\CController.php(291): CFilterChain->run()
#14 C:\xampp\yii\framework\web\CController.php(265): ClienteController->runActionWithFilters()
#15 C:\xampp\yii\framework\web\CWebApplication.php(282): ClienteController->run()
#16 C:\xampp\yii\framework\web\CWebApplication.php(141): CWebApplication->runController()
#17 C:\xampp\yii\framework\base\CApplication.php(180): CWebApplication->processRequest()
#18 C:\xampp\htdocs\tienda\index.php(13): CWebApplication->run()
REQUEST_URI=/tienda/index.php?r=cliente/admin
in C:\xampp\htdocs\tienda\protected\views\cliente\admin.php (59)
in C:\xampp\htdocs\tienda\protected\controllers\ClienteController.php (143)
in C:\xampp\htdocs\tienda\index.php (13)
2014/09/05 18:02:36 [error] [php] Illegal string offset 'required' (C:\xampp\yii\framework\web\helpers\CHtml.php:1414)
Stack trace:
#0 C:\xampp\yii\framework\web\CBaseController.php(126): require()
#1 C:\xampp\yii\framework\web\CBaseController.php(95): VentaController->renderInternal()
#2 C:\xampp\yii\framework\web\CController.php(869): VentaController->renderFile()
#3 C:\xampp\htdocs\tienda\protected\views\venta\create.php(18): VentaController->renderPartial()
#4 C:\xampp\yii\framework\web\CBaseController.php(126): require()
#5 C:\xampp\yii\framework\web\CBaseController.php(95): VentaController->renderInternal()
#6 C:\xampp\yii\framework\web\CController.php(869): VentaController->renderFile()
#7 C:\xampp\yii\framework\web\CController.php(782): VentaController->renderPartial()
#8 C:\xampp\htdocs\tienda\protected\controllers\VentaController.php(79): VentaController->render()
#9 C:\xampp\yii\framework\web\actions\CInlineAction.php(49): VentaController->actionCreate()
#10 C:\xampp\yii\framework\web\CController.php(308): CInlineAction->runWithParams()
#11 C:\xampp\yii\framework\web\filters\CFilterChain.php(133): VentaController->runAction()
#12 C:\xampp\yii\framework\web\filters\CFilter.php(40): CFilterChain->run()
#13 C:\xampp\yii\framework\web\CController.php(1145): CAccessControlFilter->filter()
#14 C:\xampp\yii\framework\web\filters\CInlineFilter.php(58): VentaController->filterAccessControl()
#15 C:\xampp\yii\framework\web\filters\CFilterChain.php(130): CInlineFilter->filter()
#16 C:\xampp\yii\framework\web\CController.php(291): CFilterChain->run()
#17 C:\xampp\yii\framework\web\CController.php(265): VentaController->runActionWithFilters()
#18 C:\xampp\yii\framework\web\CWebApplication.php(282): VentaController->run()
#19 C:\xampp\yii\framework\web\CWebApplication.php(141): CWebApplication->runController()
#20 C:\xampp\yii\framework\base\CApplication.php(180): CWebApplication->processRequest()
#21 C:\xampp\htdocs\tienda\index.php(13): CWebApplication->run()
REQUEST_URI=/tienda/index.php?r=venta/create
in C:\xampp\htdocs\tienda\protected\views\venta\_form.php (35)
in C:\xampp\htdocs\tienda\protected\views\venta\create.php (18)
in C:\xampp\htdocs\tienda\protected\controllers\VentaController.php (79)
2014/09/05 18:03:42 [error] [php] Illegal string offset 'name' (C:\xampp\yii\framework\web\helpers\CHtml.php:2458)
Stack trace:
#0 C:\xampp\htdocs\tienda\protected\views\venta\_form.php(36): CActiveForm->textField()
#1 C:\xampp\yii\framework\web\CBaseController.php(126): require()
#2 C:\xampp\yii\framework\web\CBaseController.php(95): VentaController->renderInternal()
#3 C:\xampp\yii\framework\web\CController.php(869): VentaController->renderFile()
#4 C:\xampp\htdocs\tienda\protected\views\venta\create.php(18): VentaController->renderPartial()
#5 C:\xampp\yii\framework\web\CBaseController.php(126): require()
#6 C:\xampp\yii\framework\web\CBaseController.php(95): VentaController->renderInternal()
#7 C:\xampp\yii\framework\web\CController.php(869): VentaController->renderFile()
#8 C:\xampp\yii\framework\web\CController.php(782): VentaController->renderPartial()
#9 C:\xampp\htdocs\tienda\protected\controllers\VentaController.php(79): VentaController->render()
#10 C:\xampp\yii\framework\web\actions\CInlineAction.php(49): VentaController->actionCreate()
#11 C:\xampp\yii\framework\web\CController.php(308): CInlineAction->runWithParams()
#12 C:\xampp\yii\framework\web\filters\CFilterChain.php(133): VentaController->runAction()
#13 C:\xampp\yii\framework\web\filters\CFilter.php(40): CFilterChain->run()
#14 C:\xampp\yii\framework\web\CController.php(1145): CAccessControlFilter->filter()
#15 C:\xampp\yii\framework\web\filters\CInlineFilter.php(58): VentaController->filterAccessControl()
#16 C:\xampp\yii\framework\web\filters\CFilterChain.php(130): CInlineFilter->filter()
#17 C:\xampp\yii\framework\web\CController.php(291): CFilterChain->run()
#18 C:\xampp\yii\framework\web\CController.php(265): VentaController->runActionWithFilters()
#19 C:\xampp\yii\framework\web\CWebApplication.php(282): VentaController->run()
#20 C:\xampp\yii\framework\web\CWebApplication.php(141): CWebApplication->runController()
#21 C:\xampp\yii\framework\base\CApplication.php(180): CWebApplication->processRequest()
#22 C:\xampp\htdocs\tienda\index.php(13): CWebApplication->run()
REQUEST_URI=/tienda/index.php?r=venta/create
in C:\xampp\htdocs\tienda\protected\views\venta\_form.php (36)
in C:\xampp\htdocs\tienda\protected\views\venta\create.php (18)
in C:\xampp\htdocs\tienda\protected\controllers\VentaController.php (79)
2014/09/06 01:29:34 [error] [php] include(TipoProduto.php): failed to open stream: No such file or directory (C:\xampp\yii\framework\YiiBase.php:427)
Stack trace:
#0 C:\xampp\htdocs\tienda\protected\views\producto\_form.php(56): spl_autoload_call()
#1 C:\xampp\yii\framework\web\CBaseController.php(126): require()
#2 C:\xampp\yii\framework\web\CBaseController.php(95): ProductoController->renderInternal()
#3 C:\xampp\yii\framework\web\CController.php(869): ProductoController->renderFile()
#4 C:\xampp\htdocs\tienda\protected\views\producto\create.php(18): ProductoController->renderPartial()
#5 C:\xampp\yii\framework\web\CBaseController.php(126): require()
#6 C:\xampp\yii\framework\web\CBaseController.php(95): ProductoController->renderInternal()
#7 C:\xampp\yii\framework\web\CController.php(869): ProductoController->renderFile()
#8 C:\xampp\yii\framework\web\CController.php(782): ProductoController->renderPartial()
#9 C:\xampp\htdocs\tienda\protected\controllers\ProductoController.php(79): ProductoController->render()
#10 C:\xampp\yii\framework\web\actions\CInlineAction.php(49): ProductoController->actionCreate()
#11 C:\xampp\yii\framework\web\CController.php(308): CInlineAction->runWithParams()
#12 C:\xampp\yii\framework\web\filters\CFilterChain.php(133): ProductoController->runAction()
#13 C:\xampp\yii\framework\web\filters\CFilter.php(40): CFilterChain->run()
#14 C:\xampp\yii\framework\web\CController.php(1145): CAccessControlFilter->filter()
#15 C:\xampp\yii\framework\web\filters\CInlineFilter.php(58): ProductoController->filterAccessControl()
#16 C:\xampp\yii\framework\web\filters\CFilterChain.php(130): CInlineFilter->filter()
#17 C:\xampp\yii\framework\web\CController.php(291): CFilterChain->run()
#18 C:\xampp\yii\framework\web\CController.php(265): ProductoController->runActionWithFilters()
#19 C:\xampp\yii\framework\web\CWebApplication.php(282): ProductoController->run()
#20 C:\xampp\yii\framework\web\CWebApplication.php(141): CWebApplication->runController()
#21 C:\xampp\yii\framework\base\CApplication.php(180): CWebApplication->processRequest()
#22 C:\xampp\htdocs\tienda\index.php(13): CWebApplication->run()
REQUEST_URI=/tienda/index.php?r=producto/create
in C:\xampp\htdocs\tienda\protected\views\producto\_form.php (56)
in C:\xampp\htdocs\tienda\protected\views\producto\create.php (18)
in C:\xampp\htdocs\tienda\protected\controllers\ProductoController.php (79)
2014/09/06 01:29:56 [error] [php] include(tipoProduto.php): failed to open stream: No such file or directory (C:\xampp\yii\framework\YiiBase.php:427)
Stack trace:
#0 C:\xampp\htdocs\tienda\protected\views\producto\_form.php(56): spl_autoload_call()
#1 C:\xampp\yii\framework\web\CBaseController.php(126): require()
#2 C:\xampp\yii\framework\web\CBaseController.php(95): ProductoController->renderInternal()
#3 C:\xampp\yii\framework\web\CController.php(869): ProductoController->renderFile()
#4 C:\xampp\htdocs\tienda\protected\views\producto\create.php(18): ProductoController->renderPartial()
#5 C:\xampp\yii\framework\web\CBaseController.php(126): require()
#6 C:\xampp\yii\framework\web\CBaseController.php(95): ProductoController->renderInternal()
#7 C:\xampp\yii\framework\web\CController.php(869): ProductoController->renderFile()
#8 C:\xampp\yii\framework\web\CController.php(782): ProductoController->renderPartial()
#9 C:\xampp\htdocs\tienda\protected\controllers\ProductoController.php(79): ProductoController->render()
#10 C:\xampp\yii\framework\web\actions\CInlineAction.php(49): ProductoController->actionCreate()
#11 C:\xampp\yii\framework\web\CController.php(308): CInlineAction->runWithParams()
#12 C:\xampp\yii\framework\web\filters\CFilterChain.php(133): ProductoController->runAction()
#13 C:\xampp\yii\framework\web\filters\CFilter.php(40): CFilterChain->run()
#14 C:\xampp\yii\framework\web\CController.php(1145): CAccessControlFilter->filter()
#15 C:\xampp\yii\framework\web\filters\CInlineFilter.php(58): ProductoController->filterAccessControl()
#16 C:\xampp\yii\framework\web\filters\CFilterChain.php(130): CInlineFilter->filter()
#17 C:\xampp\yii\framework\web\CController.php(291): CFilterChain->run()
#18 C:\xampp\yii\framework\web\CController.php(265): ProductoController->runActionWithFilters()
#19 C:\xampp\yii\framework\web\CWebApplication.php(282): ProductoController->run()
#20 C:\xampp\yii\framework\web\CWebApplication.php(141): CWebApplication->runController()
#21 C:\xampp\yii\framework\base\CApplication.php(180): CWebApplication->processRequest()
#22 C:\xampp\htdocs\tienda\index.php(13): CWebApplication->run()
REQUEST_URI=/tienda/index.php?r=producto/create
in C:\xampp\htdocs\tienda\protected\views\producto\_form.php (56)
in C:\xampp\htdocs\tienda\protected\views\producto\create.php (18)
in C:\xampp\htdocs\tienda\protected\controllers\ProductoController.php (79)
2014/09/06 01:29:57 [error] [php] include(tipoProduto.php): failed to open stream: No such file or directory (C:\xampp\yii\framework\YiiBase.php:427)
Stack trace:
#0 C:\xampp\htdocs\tienda\protected\views\producto\_form.php(56): spl_autoload_call()
#1 C:\xampp\yii\framework\web\CBaseController.php(126): require()
#2 C:\xampp\yii\framework\web\CBaseController.php(95): ProductoController->renderInternal()
#3 C:\xampp\yii\framework\web\CController.php(869): ProductoController->renderFile()
#4 C:\xampp\htdocs\tienda\protected\views\producto\create.php(18): ProductoController->renderPartial()
#5 C:\xampp\yii\framework\web\CBaseController.php(126): require()
#6 C:\xampp\yii\framework\web\CBaseController.php(95): ProductoController->renderInternal()
#7 C:\xampp\yii\framework\web\CController.php(869): ProductoController->renderFile()
#8 C:\xampp\yii\framework\web\CController.php(782): ProductoController->renderPartial()
#9 C:\xampp\htdocs\tienda\protected\controllers\ProductoController.php(79): ProductoController->render()
#10 C:\xampp\yii\framework\web\actions\CInlineAction.php(49): ProductoController->actionCreate()
#11 C:\xampp\yii\framework\web\CController.php(308): CInlineAction->runWithParams()
#12 C:\xampp\yii\framework\web\filters\CFilterChain.php(133): ProductoController->runAction()
#13 C:\xampp\yii\framework\web\filters\CFilter.php(40): CFilterChain->run()
#14 C:\xampp\yii\framework\web\CController.php(1145): CAccessControlFilter->filter()
#15 C:\xampp\yii\framework\web\filters\CInlineFilter.php(58): ProductoController->filterAccessControl()
#16 C:\xampp\yii\framework\web\filters\CFilterChain.php(130): CInlineFilter->filter()
#17 C:\xampp\yii\framework\web\CController.php(291): CFilterChain->run()
#18 C:\xampp\yii\framework\web\CController.php(265): ProductoController->runActionWithFilters()
#19 C:\xampp\yii\framework\web\CWebApplication.php(282): ProductoController->run()
#20 C:\xampp\yii\framework\web\CWebApplication.php(141): CWebApplication->runController()
#21 C:\xampp\yii\framework\base\CApplication.php(180): CWebApplication->processRequest()
#22 C:\xampp\htdocs\tienda\index.php(13): CWebApplication->run()
REQUEST_URI=/tienda/index.php?r=producto/create
in C:\xampp\htdocs\tienda\protected\views\producto\_form.php (56)
in C:\xampp\htdocs\tienda\protected\views\producto\create.php (18)
in C:\xampp\htdocs\tienda\protected\controllers\ProductoController.php (79)
2014/09/06 01:30:04 [error] [php] include(tipoProduto.php): failed to open stream: No such file or directory (C:\xampp\yii\framework\YiiBase.php:427)
Stack trace:
#0 C:\xampp\htdocs\tienda\protected\views\producto\_form.php(56): spl_autoload_call()
#1 C:\xampp\yii\framework\web\CBaseController.php(126): require()
#2 C:\xampp\yii\framework\web\CBaseController.php(95): ProductoController->renderInternal()
#3 C:\xampp\yii\framework\web\CController.php(869): ProductoController->renderFile()
#4 C:\xampp\htdocs\tienda\protected\views\producto\create.php(18): ProductoController->renderPartial()
#5 C:\xampp\yii\framework\web\CBaseController.php(126): require()
#6 C:\xampp\yii\framework\web\CBaseController.php(95): ProductoController->renderInternal()
#7 C:\xampp\yii\framework\web\CController.php(869): ProductoController->renderFile()
#8 C:\xampp\yii\framework\web\CController.php(782): ProductoController->renderPartial()
#9 C:\xampp\htdocs\tienda\protected\controllers\ProductoController.php(79): ProductoController->render()
#10 C:\xampp\yii\framework\web\actions\CInlineAction.php(49): ProductoController->actionCreate()
#11 C:\xampp\yii\framework\web\CController.php(308): CInlineAction->runWithParams()
#12 C:\xampp\yii\framework\web\filters\CFilterChain.php(133): ProductoController->runAction()
#13 C:\xampp\yii\framework\web\filters\CFilter.php(40): CFilterChain->run()
#14 C:\xampp\yii\framework\web\CController.php(1145): CAccessControlFilter->filter()
#15 C:\xampp\yii\framework\web\filters\CInlineFilter.php(58): ProductoController->filterAccessControl()
#16 C:\xampp\yii\framework\web\filters\CFilterChain.php(130): CInlineFilter->filter()
#17 C:\xampp\yii\framework\web\CController.php(291): CFilterChain->run()
#18 C:\xampp\yii\framework\web\CController.php(265): ProductoController->runActionWithFilters()
#19 C:\xampp\yii\framework\web\CWebApplication.php(282): ProductoController->run()
#20 C:\xampp\yii\framework\web\CWebApplication.php(141): CWebApplication->runController()
#21 C:\xampp\yii\framework\base\CApplication.php(180): CWebApplication->processRequest()
#22 C:\xampp\htdocs\tienda\index.php(13): CWebApplication->run()
REQUEST_URI=/tienda/index.php?r=producto/create
in C:\xampp\htdocs\tienda\protected\views\producto\_form.php (56)
in C:\xampp\htdocs\tienda\protected\views\producto\create.php (18)
in C:\xampp\htdocs\tienda\protected\controllers\ProductoController.php (79)
2014/09/06 01:39:39 [error] [php] Undefined variable: gridColumns (C:\xampp\htdocs\tienda\protected\views\empresa\index.php:42)
Stack trace:
#0 C:\xampp\yii\framework\web\CController.php(869): EmpresaController->renderFile()
#1 C:\xampp\yii\framework\web\CController.php(782): EmpresaController->renderPartial()
#2 C:\xampp\htdocs\tienda\protected\controllers\EmpresaController.php(128): EmpresaController->render()
#3 C:\xampp\yii\framework\web\actions\CInlineAction.php(49): EmpresaController->actionIndex()
#4 C:\xampp\yii\framework\web\CController.php(308): CInlineAction->runWithParams()
#5 C:\xampp\yii\framework\web\filters\CFilterChain.php(133): EmpresaController->runAction()
#6 C:\xampp\yii\framework\web\filters\CFilter.php(40): CFilterChain->run()
#7 C:\xampp\yii\framework\web\CController.php(1145): CAccessControlFilter->filter()
#8 C:\xampp\yii\framework\web\filters\CInlineFilter.php(58): EmpresaController->filterAccessControl()
#9 C:\xampp\yii\framework\web\filters\CFilterChain.php(130): CInlineFilter->filter()
#10 C:\xampp\yii\framework\web\CController.php(291): CFilterChain->run()
#11 C:\xampp\yii\framework\web\CController.php(265): EmpresaController->runActionWithFilters()
#12 C:\xampp\yii\framework\web\CWebApplication.php(282): EmpresaController->run()
#13 C:\xampp\yii\framework\web\CWebApplication.php(141): CWebApplication->runController()
#14 C:\xampp\yii\framework\base\CApplication.php(180): CWebApplication->processRequest()
#15 C:\xampp\htdocs\tienda\index.php(13): CWebApplication->run()
REQUEST_URI=/tienda/index.php?r=empresa/index
in C:\xampp\htdocs\tienda\protected\views\empresa\index.php (42)
in C:\xampp\htdocs\tienda\protected\controllers\EmpresaController.php (128)
in C:\xampp\htdocs\tienda\index.php (13)
2014/09/06 01:42:05 [error] [php] include(Empresaa.php): failed to open stream: No such file or directory (C:\xampp\yii\framework\YiiBase.php:427)
Stack trace:
#0 C:\xampp\htdocs\tienda\protected\views\producto\_form.php(50): spl_autoload_call()
#1 C:\xampp\yii\framework\web\CBaseController.php(126): require()
#2 C:\xampp\yii\framework\web\CBaseController.php(95): ProductoController->renderInternal()
#3 C:\xampp\yii\framework\web\CController.php(869): ProductoController->renderFile()
#4 C:\xampp\htdocs\tienda\protected\views\producto\create.php(18): ProductoController->renderPartial()
#5 C:\xampp\yii\framework\web\CBaseController.php(126): require()
#6 C:\xampp\yii\framework\web\CBaseController.php(95): ProductoController->renderInternal()
#7 C:\xampp\yii\framework\web\CController.php(869): ProductoController->renderFile()
#8 C:\xampp\yii\framework\web\CController.php(782): ProductoController->renderPartial()
#9 C:\xampp\htdocs\tienda\protected\controllers\ProductoController.php(79): ProductoController->render()
#10 C:\xampp\yii\framework\web\actions\CInlineAction.php(49): ProductoController->actionCreate()
#11 C:\xampp\yii\framework\web\CController.php(308): CInlineAction->runWithParams()
#12 C:\xampp\yii\framework\web\filters\CFilterChain.php(133): ProductoController->runAction()
#13 C:\xampp\yii\framework\web\filters\CFilter.php(40): CFilterChain->run()
#14 C:\xampp\yii\framework\web\CController.php(1145): CAccessControlFilter->filter()
#15 C:\xampp\yii\framework\web\filters\CInlineFilter.php(58): ProductoController->filterAccessControl()
#16 C:\xampp\yii\framework\web\filters\CFilterChain.php(130): CInlineFilter->filter()
#17 C:\xampp\yii\framework\web\CController.php(291): CFilterChain->run()
#18 C:\xampp\yii\framework\web\CController.php(265): ProductoController->runActionWithFilters()
#19 C:\xampp\yii\framework\web\CWebApplication.php(282): ProductoController->run()
#20 C:\xampp\yii\framework\web\CWebApplication.php(141): CWebApplication->runController()
#21 C:\xampp\yii\framework\base\CApplication.php(180): CWebApplication->processRequest()
#22 C:\xampp\htdocs\tienda\index.php(13): CWebApplication->run()
REQUEST_URI=/tienda/index.php?r=producto/create
in C:\xampp\htdocs\tienda\protected\views\producto\_form.php (50)
in C:\xampp\htdocs\tienda\protected\views\producto\create.php (18)
in C:\xampp\htdocs\tienda\protected\controllers\ProductoController.php (79)
2014/09/06 01:55:04 [error] [exception.CException] exception 'CException' with message 'La propiedad "Venta"."telefono" no se encuentra definida.' in C:\xampp\yii\framework\base\CComponent.php:130
Stack trace:
#0 C:\xampp\yii\framework\db\ar\CActiveRecord.php(145): CComponent->__get('telefono')
#1 C:\xampp\htdocs\tienda\protected\views\venta\_form.php(33): CActiveRecord->__get('telefono')
#2 C:\xampp\yii\framework\web\CBaseController.php(126): require('C:\xampp\htdocs...')
#3 C:\xampp\yii\framework\web\CBaseController.php(95): CBaseController->renderInternal('C:\xampp\htdocs...', Array, true)
#4 C:\xampp\yii\framework\web\CController.php(869): CBaseController->renderFile('C:\xampp\htdocs...', Array, true)
#5 C:\xampp\htdocs\tienda\protected\views\venta\create.php(18): CController->renderPartial('_form', Array)
#6 C:\xampp\yii\framework\web\CBaseController.php(126): require('C:\xampp\htdocs...')
#7 C:\xampp\yii\framework\web\CBaseController.php(95): CBaseController->renderInternal('C:\xampp\htdocs...', Array, true)
#8 C:\xampp\yii\framework\web\CController.php(869): CBaseController->renderFile('C:\xampp\htdocs...', Array, true)
#9 C:\xampp\yii\framework\web\CController.php(782): CController->renderPartial('create', Array, true)
#10 C:\xampp\htdocs\tienda\protected\controllers\VentaController.php(79): CController->render('create', Array)
#11 C:\xampp\yii\framework\web\actions\CInlineAction.php(49): VentaController->actionCreate()
#12 C:\xampp\yii\framework\web\CController.php(308): CInlineAction->runWithParams(Array)
#13 C:\xampp\yii\framework\web\filters\CFilterChain.php(133): CController->runAction(Object(CInlineAction))
#14 C:\xampp\yii\framework\web\filters\CFilter.php(40): CFilterChain->run()
#15 C:\xampp\yii\framework\web\CController.php(1145): CFilter->filter(Object(CFilterChain))
#16 C:\xampp\yii\framework\web\filters\CInlineFilter.php(58): CController->filterAccessControl(Object(CFilterChain))
#17 C:\xampp\yii\framework\web\filters\CFilterChain.php(130): CInlineFilter->filter(Object(CFilterChain))
#18 C:\xampp\yii\framework\web\CController.php(291): CFilterChain->run()
#19 C:\xampp\yii\framework\web\CController.php(265): CController->runActionWithFilters(Object(CInlineAction), Array)
#20 C:\xampp\yii\framework\web\CWebApplication.php(282): CController->run('create')
#21 C:\xampp\yii\framework\web\CWebApplication.php(141): CWebApplication->runController('venta/create')
#22 C:\xampp\yii\framework\base\CApplication.php(180): CWebApplication->processRequest()
#23 C:\xampp\htdocs\tienda\index.php(13): CApplication->run()
#24 {main}
REQUEST_URI=/tienda/index.php?r=venta/create
HTTP_REFERER=http://localhost/tienda/index.php?r=venta/index
---
2014/09/06 01:55:27 [error] [exception.CException] exception 'CException' with message 'La propiedad "Venta"."fecha" no se encuentra definida.' in C:\xampp\yii\framework\base\CComponent.php:130
Stack trace:
#0 C:\xampp\yii\framework\db\ar\CActiveRecord.php(145): CComponent->__get('fecha')
#1 C:\xampp\htdocs\tienda\protected\views\venta\_form.php(28): CActiveRecord->__get('fecha')
#2 C:\xampp\yii\framework\web\CBaseController.php(126): require('C:\xampp\htdocs...')
#3 C:\xampp\yii\framework\web\CBaseController.php(95): CBaseController->renderInternal('C:\xampp\htdocs...', Array, true)
#4 C:\xampp\yii\framework\web\CController.php(869): CBaseController->renderFile('C:\xampp\htdocs...', Array, true)
#5 C:\xampp\htdocs\tienda\protected\views\venta\create.php(18): CController->renderPartial('_form', Array)
#6 C:\xampp\yii\framework\web\CBaseController.php(126): require('C:\xampp\htdocs...')
#7 C:\xampp\yii\framework\web\CBaseController.php(95): CBaseController->renderInternal('C:\xampp\htdocs...', Array, true)
#8 C:\xampp\yii\framework\web\CController.php(869): CBaseController->renderFile('C:\xampp\htdocs...', Array, true)
#9 C:\xampp\yii\framework\web\CController.php(782): CController->renderPartial('create', Array, true)
#10 C:\xampp\htdocs\tienda\protected\controllers\VentaController.php(79): CController->render('create', Array)
#11 C:\xampp\yii\framework\web\actions\CInlineAction.php(49): VentaController->actionCreate()
#12 C:\xampp\yii\framework\web\CController.php(308): CInlineAction->runWithParams(Array)
#13 C:\xampp\yii\framework\web\filters\CFilterChain.php(133): CController->runAction(Object(CInlineAction))
#14 C:\xampp\yii\framework\web\filters\CFilter.php(40): CFilterChain->run()
#15 C:\xampp\yii\framework\web\CController.php(1145): CFilter->filter(Object(CFilterChain))
#16 C:\xampp\yii\framework\web\filters\CInlineFilter.php(58): CController->filterAccessControl(Object(CFilterChain))
#17 C:\xampp\yii\framework\web\filters\CFilterChain.php(130): CInlineFilter->filter(Object(CFilterChain))
#18 C:\xampp\yii\framework\web\CController.php(291): CFilterChain->run()
#19 C:\xampp\yii\framework\web\CController.php(265): CController->runActionWithFilters(Object(CInlineAction), Array)
#20 C:\xampp\yii\framework\web\CWebApplication.php(282): CController->run('create')
#21 C:\xampp\yii\framework\web\CWebApplication.php(141): CWebApplication->runController('venta/create')
#22 C:\xampp\yii\framework\base\CApplication.php(180): CWebApplication->processRequest()
#23 C:\xampp\htdocs\tienda\index.php(13): CApplication->run()
#24 {main}
REQUEST_URI=/tienda/index.php?r=venta/create
HTTP_REFERER=http://localhost/tienda/index.php?r=venta/index
---
